#
# There is insufficient memory for the Java Runtime Environment to continue.
# Native memory allocation (malloc) failed to allocate 1304736 bytes for Chunk::new
# Possible reasons:
#   The system is out of physical RAM or swap space
#   In 32 bit mode, the process size limit was hit
# Possible solutions:
#   Reduce memory load on the system
#   Increase physical memory or swap space
#   Check if swap backing store is full
#   Use 64 bit Java on a 64 bit OS
#   Decrease Java heap size (-Xmx/-Xms)
#   Decrease number of Java threads
#   Decrease Java thread stack sizes (-Xss)
#   Set larger code cache with -XX:ReservedCodeCacheSize=
# This output file may be truncated or incomplete.
#
#  Out of Memory Error (allocation.cpp:390), pid=10988, tid=2624
#
# JRE version: Java(TM) SE Runtime Environment (8.0_40-b25) (build 1.8.0_40-b25)
# Java VM: Java HotSpot(TM) 64-Bit Server VM (25.40-b25 mixed mode windows-amd64 compressed oops)
# Failed to write core dump. Minidumps are not enabled by default on client versions of Windows
#

---------------  T H R E A D  ---------------

Current thread (0x0000000016cf0800):  
[error occurred during error reporting (printing current thread), id 0xc0000005]

Stack: [0x00000000173c0000,0x00000000174c0000]
Native frames: (J=compiled Java code, j=interpreted, Vv=VM code, C=native code)
V  [jvm.dll+0x32b47a]
V  [jvm.dll+0x2797f3]
V  [jvm.dll+0x27a489]
V  [jvm.dll+0x293406]
V  [jvm.dll+0x297d5c]
V  [jvm.dll+0x5ca83f]
C  [msvcr100.dll+0x712e3]
V  [jvm.dll+0x5c9f3d]
C  [ntdll.dll+0x9921d]
C  [ntdll.dll+0x55b5b]
C  [ntdll.dll+0x983de]
V  [jvm.dll+0x23f17a]
V  [jvm.dll+0x23f6de]
V  [jvm.dll+0x2795d4]
V  [jvm.dll+0x27a489]
V  [jvm.dll+0x2717a5]
V  [jvm.dll+0xcb9a2]
V  [jvm.dll+0xcbe6c]
V  [jvm.dll+0x476ea2]
V  [jvm.dll+0x4b950f]
V  [jvm.dll+0x46bf81]
V  [jvm.dll+0x46ccbe]
V  [jvm.dll+0x4500d2]
V  [jvm.dll+0xa4312]
V  [jvm.dll+0xa4c4f]
V  [jvm.dll+0x241914]
V  [jvm.dll+0x29848a]
C  [msvcr100.dll+0x21d9f]
C  [msvcr100.dll+0x21e3b]
C  [KERNEL32.DLL+0x15dd]
C  [ntdll.dll+0x743d1]


Current CompileTask:
C2:   3018 2749       4       com.android.dx.merge.DexMerger::transformClassDef (160 bytes)


---------------  P R O C E S S  ---------------

Java Threads: ( => current thread )
  0x0000000016d20800 JavaThread "Service Thread" daemon [_thread_blocked, id=11404, stack(0x00000000176c0000,0x00000000177c0000)]
  0x0000000016cfa800 JavaThread "C1 CompilerThread3" daemon [_thread_blocked, id=7004, stack(0x00000000175c0000,0x00000000176c0000)]
  0x0000000016cf5800 JavaThread "C2 CompilerThread2" daemon [_thread_in_native, id=4636, stack(0x00000000174c0000,0x00000000175c0000)]
=>0x0000000016cf0800 JavaThread "C2 CompilerThread1" daemon [_thread_in_native, id=2624, stack(0x00000000173c0000,0x00000000174c0000)]
  0x0000000016ce7800 JavaThread "C2 CompilerThread0" daemon [_thread_blocked, id=6408, stack(0x00000000172c0000,0x00000000173c0000)]
  0x0000000016ce4800 JavaThread "Attach Listener" daemon [_thread_blocked, id=7420, stack(0x00000000171c0000,0x00000000172c0000)]
  0x0000000016ce3800 JavaThread "Signal Dispatcher" daemon [_thread_blocked, id=11428, stack(0x00000000170c0000,0x00000000171c0000)]
  0x00000000021aa800 JavaThread "Finalizer" daemon [_thread_blocked, id=11064, stack(0x0000000016bc0000,0x0000000016cc0000)]
  0x0000000014ccd800 JavaThread "Reference Handler" daemon [_thread_blocked, id=10492, stack(0x0000000016ac0000,0x0000000016bc0000)]
  0x00000000020b3000 JavaThread "main" [_thread_in_Java, id=8884, stack(0x0000000001fb0000,0x00000000020b0000)]

Other Threads:
  0x0000000014cc9000 VMThread [stack: 0x00000000169c0000,0x0000000016ac0000] [id=1680]
  0x0000000016d21800 WatcherThread [stack: 0x00000000177c0000,0x00000000178c0000] [id=2560]

VM state:not at safepoint (normal execution)

VM Mutex/Monitor currently owned by a thread: None

Heap:
 PSYoungGen      total 138240K, used 10075K [0x00000000eab00000, 0x00000000fec00000, 0x0000000100000000)
  eden space 133120K, 7% used [0x00000000eab00000,0x00000000eb4d6dd0,0x00000000f2d00000)
  from space 5120K, 0% used [0x00000000f2d00000,0x00000000f2d00000,0x00000000f3200000)
  to   space 31232K, 0% used [0x00000000fcd80000,0x00000000fcd80000,0x00000000fec00000)
 ParOldGen       total 87552K, used 23396K [0x00000000c0000000, 0x00000000c5580000, 0x00000000eab00000)
  object space 87552K, 26% used [0x00000000c0000000,0x00000000c16d9328,0x00000000c5580000)
 Metaspace       used 7524K, capacity 8126K, committed 8192K, reserved 1056768K
  class space    used 714K, capacity 753K, committed 768K, reserved 1048576K

Card table byte_map: [0x0000000011570000,0x0000000011780000] byte_map_base: 0x0000000010f70000

Marking Bits: (ParMarkBitMap*) 0x0000000066cc4040
 Begin Bits: [0x00000000120e0000, 0x00000000130e0000)
 End Bits:   [0x00000000130e0000, 0x00000000140e0000)

Polling page: 0x0000000000790000

CodeCache: size=245760Kb used=10060Kb max_used=10075Kb free=235700Kb
 bounds [0x00000000021b0000, 0x0000000002ba0000, 0x00000000111b0000]
 total_blobs=3097 nmethods=2806 adapters=203
 compilation: enabled

Compilation events (10 events):
Event: 2.898 Thread 0x0000000016ce7800 nmethod 2809 0x0000000002b8afd0 code [0x0000000002b8b120, 0x0000000002b8b3d8]
Event: 2.898 Thread 0x0000000016cf5800 2810       4       com.android.dx.io.instructions.FiveRegisterDecodedInstruction::<init> (44 bytes)
Event: 2.900 Thread 0x0000000016cf5800 nmethod 2810 0x0000000002b8ce50 code [0x0000000002b8cfa0, 0x0000000002b8d1d8]
Event: 2.900 Thread 0x0000000016ce7800 2811       4       com.android.dx.io.instructions.FiveRegisterDecodedInstruction::withIndex (49 bytes)
Event: 2.901 Thread 0x0000000016cf5800 2812       4       com.android.dx.io.instructions.ZeroRegisterDecodedInstruction::withIndex (29 bytes)
Event: 2.903 Thread 0x0000000016ce7800 nmethod 2811 0x0000000002b8d3d0 code [0x0000000002b8d520, 0x0000000002b8d7d8]
Event: 2.903 Thread 0x0000000016ce7800 2813       4       com.android.dex.Dex$Section::readCatchHandler (82 bytes)
Event: 2.904 Thread 0x0000000016cf5800 nmethod 2812 0x0000000002b8da50 code [0x0000000002b8dba0, 0x0000000002b8ddd8]
Event: 2.923 Thread 0x0000000016cf5800 2814       4       java.nio.Buffer::hasRemaining (17 bytes)
Event: 2.923 Thread 0x0000000016cf5800 nmethod 2814 0x0000000002ac5d10 code [0x0000000002ac5e40, 0x0000000002ac5eb8]

GC Heap History (10 events):
Event: 1.097 GC heap after
Heap after GC invocations=1 (full 0):
 PSYoungGen      total 38400K, used 5113K [0x00000000eab00000, 0x00000000ef600000, 0x0000000100000000)
  eden space 33280K, 0% used [0x00000000eab00000,0x00000000eab00000,0x00000000ecb80000)
  from space 5120K, 99% used [0x00000000ecb80000,0x00000000ed07e448,0x00000000ed080000)
  to   space 5120K, 0% used [0x00000000ef100000,0x00000000ef100000,0x00000000ef600000)
 ParOldGen       total 87552K, used 2392K [0x00000000c0000000, 0x00000000c5580000, 0x00000000eab00000)
  object space 87552K, 2% used [0x00000000c0000000,0x00000000c02563f0,0x00000000c5580000)
 Metaspace       used 5687K, capacity 7024K, committed 7296K, reserved 1056768K
  class space    used 554K, capacity 616K, committed 640K, reserved 1048576K
}
Event: 1.655 GC heap before
{Heap before GC invocations=2 (full 0):
 PSYoungGen      total 38400K, used 38393K [0x00000000eab00000, 0x00000000ef600000, 0x0000000100000000)
  eden space 33280K, 100% used [0x00000000eab00000,0x00000000ecb80000,0x00000000ecb80000)
  from space 5120K, 99% used [0x00000000ecb80000,0x00000000ed07e448,0x00000000ed080000)
  to   space 5120K, 0% used [0x00000000ef100000,0x00000000ef100000,0x00000000ef600000)
 ParOldGen       total 87552K, used 2392K [0x00000000c0000000, 0x00000000c5580000, 0x00000000eab00000)
  object space 87552K, 2% used [0x00000000c0000000,0x00000000c02563f0,0x00000000c5580000)
 Metaspace       used 5992K, capacity 7216K, committed 7296K, reserved 1056768K
  class space    used 570K, capacity 616K, committed 640K, reserved 1048576K
Event: 1.669 GC heap after
Heap after GC invocations=2 (full 0):
 PSYoungGen      total 71680K, used 5099K [0x00000000eab00000, 0x00000000ef600000, 0x0000000100000000)
  eden space 66560K, 0% used [0x00000000eab00000,0x00000000eab00000,0x00000000eec00000)
  from space 5120K, 99% used [0x00000000ef100000,0x00000000ef5fadf0,0x00000000ef600000)
  to   space 5120K, 0% used [0x00000000eec00000,0x00000000eec00000,0x00000000ef100000)
 ParOldGen       total 87552K, used 11205K [0x00000000c0000000, 0x00000000c5580000, 0x00000000eab00000)
  object space 87552K, 12% used [0x00000000c0000000,0x00000000c0af1638,0x00000000c5580000)
 Metaspace       used 5992K, capacity 7216K, committed 7296K, reserved 1056768K
  class space    used 570K, capacity 616K, committed 640K, reserved 1048576K
}
Event: 2.273 GC heap before
{Heap before GC invocations=3 (full 0):
 PSYoungGen      total 71680K, used 71659K [0x00000000eab00000, 0x00000000ef600000, 0x0000000100000000)
  eden space 66560K, 100% used [0x00000000eab00000,0x00000000eec00000,0x00000000eec00000)
  from space 5120K, 99% used [0x00000000ef100000,0x00000000ef5fadf0,0x00000000ef600000)
  to   space 5120K, 0% used [0x00000000eec00000,0x00000000eec00000,0x00000000ef100000)
 ParOldGen       total 87552K, used 11205K [0x00000000c0000000, 0x00000000c5580000, 0x00000000eab00000)
  object space 87552K, 12% used [0x00000000c0000000,0x00000000c0af1638,0x00000000c5580000)
 Metaspace       used 7418K, capacity 8120K, committed 8192K, reserved 1056768K
  class space    used 705K, capacity 752K, committed 768K, reserved 1048576K
Event: 2.288 GC heap after
Heap after GC invocations=3 (full 0):
 PSYoungGen      total 71680K, used 5111K [0x00000000eab00000, 0x00000000f3700000, 0x0000000100000000)
  eden space 66560K, 0% used [0x00000000eab00000,0x00000000eab00000,0x00000000eec00000)
  from space 5120K, 99% used [0x00000000eec00000,0x00000000ef0fdf10,0x00000000ef100000)
  to   space 5120K, 0% used [0x00000000f3200000,0x00000000f3200000,0x00000000f3700000)
 ParOldGen       total 87552K, used 26246K [0x00000000c0000000, 0x00000000c5580000, 0x00000000eab00000)
  object space 87552K, 29% used [0x00000000c0000000,0x00000000c19a1b08,0x00000000c5580000)
 Metaspace       used 7418K, capacity 8120K, committed 8192K, reserved 1056768K
  class space    used 705K, capacity 752K, committed 768K, reserved 1048576K
}
Event: 2.515 GC heap before
{Heap before GC invocations=4 (full 0):
 PSYoungGen      total 71680K, used 71671K [0x00000000eab00000, 0x00000000f3700000, 0x0000000100000000)
  eden space 66560K, 100% used [0x00000000eab00000,0x00000000eec00000,0x00000000eec00000)
  from space 5120K, 99% used [0x00000000eec00000,0x00000000ef0fdf10,0x00000000ef100000)
  to   space 5120K, 0% used [0x00000000f3200000,0x00000000f3200000,0x00000000f3700000)
 ParOldGen       total 87552K, used 26246K [0x00000000c0000000, 0x00000000c5580000, 0x00000000eab00000)
  object space 87552K, 29% used [0x00000000c0000000,0x00000000c19a1b08,0x00000000c5580000)
 Metaspace       used 7511K, capacity 8126K, committed 8192K, reserved 1056768K
  class space    used 714K, capacity 753K, committed 768K, reserved 1048576K
Event: 2.529 GC heap after
Heap after GC invocations=4 (full 0):
 PSYoungGen      total 138240K, used 5116K [0x00000000eab00000, 0x00000000f3700000, 0x0000000100000000)
  eden space 133120K, 0% used [0x00000000eab00000,0x00000000eab00000,0x00000000f2d00000)
  from space 5120K, 99% used [0x00000000f3200000,0x00000000f36ff2b8,0x00000000f3700000)
  to   space 5120K, 0% used [0x00000000f2d00000,0x00000000f2d00000,0x00000000f3200000)
 ParOldGen       total 87552K, used 46159K [0x00000000c0000000, 0x00000000c5580000, 0x00000000eab00000)
  object space 87552K, 52% used [0x00000000c0000000,0x00000000c2d13ee0,0x00000000c5580000)
 Metaspace       used 7511K, capacity 8126K, committed 8192K, reserved 1056768K
  class space    used 714K, capacity 753K, committed 768K, reserved 1048576K
}
Event: 2.937 GC heap before
{Heap before GC invocations=5 (full 0):
 PSYoungGen      total 138240K, used 138236K [0x00000000eab00000, 0x00000000f3700000, 0x0000000100000000)
  eden space 133120K, 100% used [0x00000000eab00000,0x00000000f2d00000,0x00000000f2d00000)
  from space 5120K, 99% used [0x00000000f3200000,0x00000000f36ff2b8,0x00000000f3700000)
  to   space 5120K, 0% used [0x00000000f2d00000,0x00000000f2d00000,0x00000000f3200000)
 ParOldGen       total 87552K, used 46159K [0x00000000c0000000, 0x00000000c5580000, 0x00000000eab00000)
  object space 87552K, 52% used [0x00000000c0000000,0x00000000c2d13ee0,0x00000000c5580000)
 Metaspace       used 7524K, capacity 8126K, committed 8192K, reserved 1056768K
  class space    used 714K, capacity 753K, committed 768K, reserved 1048576K
Event: 2.955 GC heap after
Heap after GC invocations=5 (full 0):
 PSYoungGen      total 138240K, used 3974K [0x00000000eab00000, 0x00000000fec00000, 0x0000000100000000)
  eden space 133120K, 0% used [0x00000000eab00000,0x00000000eab00000,0x00000000f2d00000)
  from space 5120K, 77% used [0x00000000f2d00000,0x00000000f30e1858,0x00000000f3200000)
  to   space 31232K, 0% used [0x00000000fcd80000,0x00000000fcd80000,0x00000000fec00000)
 ParOldGen       total 87552K, used 74879K [0x00000000c0000000, 0x00000000c5580000, 0x00000000eab00000)
  object space 87552K, 85% used [0x00000000c0000000,0x00000000c491ffd0,0x00000000c5580000)
 Metaspace       used 7524K, capacity 8126K, committed 8192K, reserved 1056768K
  class space    used 714K, capacity 753K, committed 768K, reserved 1048576K
}
Event: 2.955 GC heap before
{Heap before GC invocations=6 (full 1):
 PSYoungGen      total 138240K, used 3974K [0x00000000eab00000, 0x00000000fec00000, 0x0000000100000000)
  eden space 133120K, 0% used [0x00000000eab00000,0x00000000eab00000,0x00000000f2d00000)
  from space 5120K, 77% used [0x00000000f2d00000,0x00000000f30e1858,0x00000000f3200000)
  to   space 31232K, 0% used [0x00000000fcd80000,0x00000000fcd80000,0x00000000fec00000)
 ParOldGen       total 87552K, used 74879K [0x00000000c0000000, 0x00000000c5580000, 0x00000000eab00000)
  object space 87552K, 85% used [0x00000000c0000000,0x00000000c491ffd0,0x00000000c5580000)
 Metaspace       used 7524K, capacity 8126K, committed 8192K, reserved 1056768K
  class space    used 714K, capacity 753K, committed 768K, reserved 1048576K

Deoptimization events (10 events):
Event: 1.792 Thread 0x00000000020b3000 Uncommon trap: reason=speculate_class_check action=maybe_recompile pc=0x0000000002843e90 method=java.util.HashMap.putVal(ILjava/lang/Object;Ljava/lang/Object;ZZ)Ljava/lang/Object; @ 56
Event: 1.868 Thread 0x00000000020b3000 Uncommon trap: reason=unstable_if action=reinterpret pc=0x000000000294b67c method=java.util.HashMap.putVal(ILjava/lang/Object;Ljava/lang/Object;ZZ)Ljava/lang/Object; @ 162
Event: 1.868 Thread 0x00000000020b3000 Uncommon trap: reason=unstable_if action=reinterpret pc=0x00000000026dd4bc method=java.util.HashMap.resize()[Ljava/util/HashMap$Node; @ 206
Event: 1.913 Thread 0x00000000020b3000 Uncommon trap: reason=unstable_if action=reinterpret pc=0x00000000029851f4 method=com.android.dx.merge.IndexMap.adjustString(I)I @ 2
Event: 1.956 Thread 0x00000000020b3000 Uncommon trap: reason=predicate action=maybe_recompile pc=0x00000000029d06c0 method=com.android.dex.Leb128.readUnsignedLeb128(Lcom/android/dex/util/ByteInput;)I @ 41
Event: 2.022 Thread 0x00000000020b3000 Uncommon trap: reason=unstable_if action=reinterpret pc=0x0000000002818344 method=java.util.HashMap.getNode(ILjava/lang/Object;)Ljava/util/HashMap$Node; @ 84
Event: 2.023 Thread 0x00000000020b3000 Uncommon trap: reason=unstable_if action=reinterpret pc=0x0000000002827624 method=java.util.HashMap.getNode(ILjava/lang/Object;)Ljava/util/HashMap$Node; @ 84
Event: 2.037 Thread 0x00000000020b3000 Uncommon trap: reason=unstable_if action=reinterpret pc=0x00000000029901e4 method=com.android.dex.FieldId.compareTo(Lcom/android/dex/FieldId;)I @ 8
Event: 2.171 Thread 0x00000000020b3000 Uncommon trap: reason=unstable_if action=reinterpret pc=0x0000000002a8d4dc method=com.android.dex.EncodedValueCodec.readUnsignedInt(Lcom/android/dex/util/ByteInput;IZ)I @ 3
Event: 2.538 Thread 0x00000000020b3000 Uncommon trap: reason=unstable_if action=reinterpret pc=0x00000000027b3c7c method=java.lang.Long.numberOfTrailingZeros(J)I @ 3

Internal exceptions (2 events):
Event: 0.040 Thread 0x00000000020b3000 Exception <a 'java/lang/NoSuchMethodError': Method sun.misc.Unsafe.defineClass(Ljava/lang/String;[BII)Ljava/lang/Class; name or signature does not match> (0x00000000eab0edc8) thrown at [D:\re\workspace\8-2-build-windows-amd64-cygwin\jdk8u40\2855\hotspot\sr#‰öçæs¤?
Event: 0.040 Thread 0x00000000020b3000 Exception <a 'java/lang/NoSuchMethodError': Method sun.misc.Unsafe.prefetchRead(Ljava/lang/Object;J)V name or signature does not match> (0x00000000eab0f058) thrown at [D:\re\workspace\8-2-build-windows-amd64-cygwin\jdk8u40\2855\hotspot\src\share\vm\prims\j

Events (10 events):
Event: 2.432 loading class sun/reflect/ClassDefiner$1
Event: 2.432 loading class sun/reflect/ClassDefiner$1 done
Event: 2.432 loading class sun/reflect/BootstrapConstructorAccessorImpl
Event: 2.432 loading class sun/reflect/BootstrapConstructorAccessorImpl done
Event: 2.514 Executing VM operation: ParallelGCFailedAllocation
Event: 2.529 Executing VM operation: ParallelGCFailedAllocation done
Event: 2.538 Thread 0x00000000020b3000 Uncommon trap: trap_request=0xffffff65 fr.pc=0x00000000027b3c7c
Event: 2.538 Thread 0x00000000020b3000 DEOPT PACKING pc=0x00000000027b3c7c sp=0x00000000020aee50
Event: 2.538 Thread 0x00000000020b3000 DEOPT UNPACKING pc=0x00000000021f582a sp=0x00000000020aede0 mode 2
Event: 2.937 Executing VM operation: ParallelGCFailedAllocation


Dynamic libraries:
0x00007ff72a7f0000 - 0x00007ff72a827000 	C:\Program Files\Java\jdk1.8.0_40\bin\java.exe
0x00007ff929e90000 - 0x00007ff92a039000 	C:\WINDOWS\SYSTEM32\ntdll.dll
0x00007ff928b90000 - 0x00007ff928cc9000 	C:\WINDOWS\system32\KERNEL32.DLL
0x00007ff926270000 - 0x00007ff92637e000 	C:\WINDOWS\system32\KERNELBASE.dll
0x00007ff924db0000 - 0x00007ff924e3b000 	C:\WINDOWS\system32\apphelp.dll
0x00007ff9128b0000 - 0x00007ff9128ff000 	C:\WINDOWS\AppPatch\AppPatch64\AcGenral.DLL
0x00007ff928cd0000 - 0x00007ff928d77000 	C:\WINDOWS\system32\msvcrt.dll
0x00007ff925ee0000 - 0x00007ff925f0b000 	C:\WINDOWS\SYSTEM32\SspiCli.dll
0x00007ff928340000 - 0x00007ff928391000 	C:\WINDOWS\system32\SHLWAPI.dll
0x00007ff927e80000 - 0x00007ff927ff1000 	C:\WINDOWS\system32\USER32.dll
0x00007ff9284f0000 - 0x00007ff928666000 	C:\WINDOWS\system32\ole32.dll
0x00007ff926920000 - 0x00007ff927d2d000 	C:\WINDOWS\system32\SHELL32.dll
0x00007ff925710000 - 0x00007ff92572f000 	C:\WINDOWS\SYSTEM32\USERENV.dll
0x00007ff926660000 - 0x00007ff926705000 	C:\WINDOWS\system32\ADVAPI32.dll
0x00007ff91aa80000 - 0x00007ff91aa9b000 	C:\WINDOWS\SYSTEM32\MPR.dll
0x00007ff9267e0000 - 0x00007ff926916000 	C:\WINDOWS\system32\RPCRT4.dll
0x00007ff9283e0000 - 0x00007ff928437000 	C:\WINDOWS\SYSTEM32\sechost.dll
0x00007ff9280c0000 - 0x00007ff928297000 	C:\WINDOWS\SYSTEM32\combase.dll
0x00007ff927d30000 - 0x00007ff927e75000 	C:\WINDOWS\system32\GDI32.dll
0x00007ff926100000 - 0x00007ff926114000 	C:\WINDOWS\SYSTEM32\profapi.dll
0x00007ff924d00000 - 0x00007ff924da1000 	C:\WINDOWS\SYSTEM32\SHCORE.dll
0x00007ff9283a0000 - 0x00007ff9283d4000 	C:\WINDOWS\system32\IMM32.DLL
0x00007ff928850000 - 0x00007ff928988000 	C:\WINDOWS\system32\MSCTF.dll
0x00007ff924630000 - 0x00007ff92488a000 	C:\WINDOWS\WinSxS\amd64_microsoft.windows.common-controls_6595b64144ccf1df_6.0.9600.16384_none_62475f7becb72503\COMCTL32.dll
0x00007ff911eb0000 - 0x00007ff911f3d000 	C:\Program Files (x86)\AVG\AVG2015\avghooka.dll
0x0000000065d80000 - 0x0000000065e52000 	C:\Program Files\Java\jdk1.8.0_40\jre\bin\msvcr100.dll
0x00000000664c0000 - 0x0000000066d43000 	C:\Program Files\Java\jdk1.8.0_40\jre\bin\server\jvm.dll
0x00007ff91e5a0000 - 0x00007ff91e5a9000 	C:\WINDOWS\SYSTEM32\WSOCK32.dll
0x00007ff9227f0000 - 0x00007ff92280f000 	C:\WINDOWS\SYSTEM32\WINMM.dll
0x00007ff923080000 - 0x00007ff92308a000 	C:\WINDOWS\SYSTEM32\VERSION.dll
0x00007ff926610000 - 0x00007ff926617000 	C:\WINDOWS\system32\PSAPI.DLL
0x00007ff926710000 - 0x00007ff926768000 	C:\WINDOWS\system32\WS2_32.dll
0x00007ff9205e0000 - 0x00007ff92060a000 	C:\WINDOWS\SYSTEM32\WINMMBASE.dll
0x00007ff9267d0000 - 0x00007ff9267d9000 	C:\WINDOWS\system32\NSI.dll
0x00007ff926220000 - 0x00007ff92626a000 	C:\WINDOWS\SYSTEM32\cfgmgr32.dll
0x00007ff924f90000 - 0x00007ff924fb6000 	C:\WINDOWS\SYSTEM32\DEVOBJ.dll
0x00000000664b0000 - 0x00000000664bf000 	C:\Program Files\Java\jdk1.8.0_40\jre\bin\verify.dll
0x0000000066480000 - 0x00000000664a9000 	C:\Program Files\Java\jdk1.8.0_40\jre\bin\java.dll
0x0000000066460000 - 0x0000000066476000 	C:\Program Files\Java\jdk1.8.0_40\jre\bin\zip.dll
0x00007ff919640000 - 0x00007ff9197c8000 	C:\WINDOWS\SYSTEM32\dbghelp.dll

VM Arguments:
jvm_args: -Xmx1024M -Dfile.encoding=windows-1252 -Duser.country=US -Duser.language=en -Duser.variant 
java_command: com.android.dx.command.Main --dex --output C:\Users\Ardhipc\androproject\Gpluslogin\app\build\intermediates\dex\debug C:\Users\Ardhipc\androproject\Gpluslogin\app\build\intermediates\classes\debug C:\Users\Ardhipc\androproject\Gpluslogin\app\build\intermediates\pre-dexed\debug\classes-dbfc58339653c833b93bd08b75892a208171f567.jar C:\Users\Ardhipc\androproject\Gpluslogin\app\build\intermediates\pre-dexed\debug\support-annotations-22.1.1-23e397663ec4891fdd13bce1235e121a1bd98133.jar C:\Users\Ardhipc\androproject\Gpluslogin\app\build\intermediates\pre-dexed\debug\classes-c90bf1e02654c237e16bc24331c19de0b1c4d3c4.jar C:\Users\Ardhipc\androproject\Gpluslogin\app\build\intermediates\pre-dexed\debug\classes-025a863bd47948bbef6ba96c13f277a26c429080.jar C:\Users\Ardhipc\androproject\Gpluslogin\app\build\intermediates\pre-dexed\debug\classes-7ce7e851b1c8c7f22ee1eb80d0d1222416daecbe.jar C:\Users\Ardhipc\androproject\Gpluslogin\app\build\intermediates\pre-dexed\debug\classes-ec072751c892fe632632cd4d8ef7d0f858666a7e.jar C:\Users\Ardhipc\androproject\Gpluslogin\app\build\intermediates\pre-dexed\debug\classes-6aca033c7cfbefde5e9e2f61fdd4ee2e131d0819.jar C:\Users\Ardhipc\androproject\Gpluslogin\app\build\intermediates\pre-dexed\debug\classes-e50a65417c3c53f1fd37e23fd459307fe97ba651.jar C:\Users\Ardhipc\androproject\Gpluslogin\app\build\intermediates\pre-dexed\debug\classes-e6af05f0b40121d05e57f0306f9b3d5c9cd733be.jar C:\Users\Ardhipc\androproject\Gpluslogin\app\build\intermediates\pre-dexed\debug\volley-b6d077f6339d806d53630641ca6975235a3945a3.jar C:\Users\Ardhipc\androproject\Gpluslogin\app\build\intermediates\pre-dexed\debug\classes-317957de77b5aac8cc58911e5c9cc5d4ad204c7b.jar C:\Users\Ardhipc\androproject\Gpluslogin\app\build\intermediates\pre-dexed\debug\classes-8061500fc0082386f550706e45052268d3b6cbd3.jar C:\Users\Ardhipc\androproject\Gpluslogin\app\build\intermediates\pre-dexed\debug\classes-9740429a3709951e882d6c67f6d92abcb6c46ada.jar C:\Users\Ardhipc\androproje
java_class_path (initial): C:\Users\Ardhipc\AppData\Local\Android\sdk\build-tools\22.0.1\lib\dx.jar
Launcher Type: SUN_STANDARD

Environment Variables:
PATH=C:\ProgramData\Oracle\Java\javapath;C:\Program Files\Java\jdk1.6.0_37\bin\;C:\Program Files (x86)\Common Files\Ulead Systems\MPEG;C:\Program Files (x86)\Universal Extractor;C:\Program Files (x86)\Universal Extractor\bin;C:\Program Files (x86)\MATLAB\R2008b\bin;C:\Program Files (x86)\MATLAB\R2008b\bin\win32;C:\Program Files (x86)\QuickTime\QTSystem\;C:\xampp\php;C:\ProgramData\ComposerSetup\bin;C:\Program Files (x86)\Git\cmd;C:\Program Files (x86)\Git\bin;C:\Users\Ardhipc\androproject\apache-ant-1.9.4-bin\apache-ant-1.9.4\bin;C:\Users\Ardhipc\androproject\apache-ant-1.9.4-bin\apache-ant-1.9.4\bin;
USERNAME=Ardhipc
OS=Windows_NT
PROCESSOR_IDENTIFIER=Intel64 Family 6 Model 58 Stepping 9, GenuineIntel



---------------  S Y S T E M  ---------------

OS: Windows 8.1 , 64 bit Build 9600 (6.3.9600.16656)

CPU:total 8 (4 cores per cpu, 2 threads per core) family 6 model 58 stepping 9, cmov, cx8, fxsr, mmx, sse, sse2, sse3, ssse3, sse4.1, sse4.2, popcnt, avx, aes, clmul, erms, ht, tsc, tscinvbit, tscinv

Memory: 4k page, physical 8282392k(1152348k free), swap 9900988k(5172k free)

vm_info: Java HotSpot(TM) 64-Bit Server VM (25.40-b25) for windows-amd64 JRE (1.8.0_40-b25), built on Feb 10 2015 21:53:57 by "java_re" with MS VC++ 10.0 (VS2010)

time: Mon Jun 01 06:57:41 2015
elapsed time: 3 seconds (0d 0h 0m 3s)

