#
# There is insufficient memory for the Java Runtime Environment to continue.
# Native memory allocation (malloc) failed to allocate 480576 bytes for Chunk::new
# Possible reasons:
#   The system is out of physical RAM or swap space
#   In 32 bit mode, the process size limit was hit
# Possible solutions:
#   Reduce memory load on the system
#   Increase physical memory or swap space
#   Check if swap backing store is full
#   Use 64 bit Java on a 64 bit OS
#   Decrease Java heap size (-Xmx/-Xms)
#   Decrease number of Java threads
#   Decrease Java thread stack sizes (-Xss)
#   Set larger code cache with -XX:ReservedCodeCacheSize=
# This output file may be truncated or incomplete.
#
#  Out of Memory Error (allocation.cpp:390), pid=9740, tid=4576
#
# JRE version: Java(TM) SE Runtime Environment (8.0_40-b25) (build 1.8.0_40-b25)
# Java VM: Java HotSpot(TM) 64-Bit Server VM (25.40-b25 mixed mode windows-amd64 compressed oops)
# Failed to write core dump. Minidumps are not enabled by default on client versions of Windows
#

---------------  T H R E A D  ---------------

Current thread (0x0000000016f60800):  JavaThread "C2 CompilerThread1" daemon [_thread_in_native, id=4576, stack(0x0000000017630000,0x0000000017730000)]

Stack: [0x0000000017630000,0x0000000017730000]
Native frames: (J=compiled Java code, j=interpreted, Vv=VM code, C=native code)
V  [jvm.dll+0x32b47a]
V  [jvm.dll+0x2797f3]
V  [jvm.dll+0x27a489]
V  [jvm.dll+0x2717a5]
V  [jvm.dll+0xcb9a2]
V  [jvm.dll+0xcbe6c]
V  [jvm.dll+0x476ea2]
V  [jvm.dll+0x4b950f]
V  [jvm.dll+0x46bc14]
V  [jvm.dll+0x46ccbe]
V  [jvm.dll+0x4500d2]
V  [jvm.dll+0xa4312]
V  [jvm.dll+0xa4c4f]
V  [jvm.dll+0x241914]
V  [jvm.dll+0x29848a]
C  [msvcr100.dll+0x21d9f]
C  [msvcr100.dll+0x21e3b]
C  [KERNEL32.DLL+0x15dd]
C  [ntdll.dll+0x743d1]


Current CompileTask:
C2:   3924 2896 %     4       com.android.dx.merge.DexMerger$IdMerger::mergeUnsorted @ 87 (247 bytes)


---------------  P R O C E S S  ---------------

Java Threads: ( => current thread )
  0x0000000016f88800 JavaThread "Service Thread" daemon [_thread_blocked, id=12088, stack(0x0000000017930000,0x0000000017a30000)]
  0x0000000016f6a800 JavaThread "C1 CompilerThread3" daemon [_thread_blocked, id=10408, stack(0x0000000017830000,0x0000000017930000)]
  0x0000000016f65800 JavaThread "C2 CompilerThread2" daemon [_thread_blocked, id=236, stack(0x0000000017730000,0x0000000017830000)]
=>0x0000000016f60800 JavaThread "C2 CompilerThread1" daemon [_thread_in_native, id=4576, stack(0x0000000017630000,0x0000000017730000)]
  0x0000000016f57800 JavaThread "C2 CompilerThread0" daemon [_thread_in_native, id=8216, stack(0x0000000017530000,0x0000000017630000)]
  0x0000000016f54800 JavaThread "Attach Listener" daemon [_thread_blocked, id=3860, stack(0x0000000017430000,0x0000000017530000)]
  0x0000000016f53800 JavaThread "Signal Dispatcher" daemon [_thread_blocked, id=8804, stack(0x0000000017330000,0x0000000017430000)]
  0x000000000244a800 JavaThread "Finalizer" daemon [_thread_blocked, id=8672, stack(0x0000000016e30000,0x0000000016f30000)]
  0x0000000014f6d800 JavaThread "Reference Handler" daemon [_thread_blocked, id=8872, stack(0x0000000016d30000,0x0000000016e30000)]
  0x0000000002353000 JavaThread "main" [_thread_in_Java, id=9248, stack(0x0000000002250000,0x0000000002350000)]

Other Threads:
  0x0000000014f69000 VMThread [stack: 0x0000000016c30000,0x0000000016d30000] [id=8836]
  0x0000000016f89800 WatcherThread [stack: 0x0000000017a30000,0x0000000017b30000] [id=1692]

VM state:not at safepoint (normal execution)

VM Mutex/Monitor currently owned by a thread: None

Heap:
 PSYoungGen      total 164864K, used 107208K [0x00000000eab00000, 0x00000000fd000000, 0x0000000100000000)
  eden space 133120K, 56% used [0x00000000eab00000,0x00000000ef4b4280,0x00000000f2d00000)
  from space 31744K, 99% used [0x00000000f2d00000,0x00000000f4bfde18,0x00000000f4c00000)
  to   space 40960K, 0% used [0x00000000fa800000,0x00000000fa800000,0x00000000fd000000)
 ParOldGen       total 87552K, used 64165K [0x00000000c0000000, 0x00000000c5580000, 0x00000000eab00000)
  object space 87552K, 73% used [0x00000000c0000000,0x00000000c3ea9540,0x00000000c5580000)
 Metaspace       used 7535K, capacity 8126K, committed 8192K, reserved 1056768K
  class space    used 715K, capacity 753K, committed 768K, reserved 1048576K

Card table byte_map: [0x0000000011810000,0x0000000011a20000] byte_map_base: 0x0000000011210000

Marking Bits: (ParMarkBitMap*) 0x0000000066cc4040
 Begin Bits: [0x0000000012380000, 0x0000000013380000)
 End Bits:   [0x0000000013380000, 0x0000000014380000)

Polling page: 0x0000000002150000

CodeCache: size=245760Kb used=10366Kb max_used=10384Kb free=235393Kb
 bounds [0x0000000002450000, 0x0000000002e90000, 0x0000000011450000]
 total_blobs=3168 nmethods=2878 adapters=203
 compilation: enabled

Compilation events (10 events):
Event: 3.709 Thread 0x0000000016f65800 2895 %     4       com.android.dx.merge.DexMerger$IdMerger::readUnsortedValues @ 42 (101 bytes)
Event: 3.711 Thread 0x0000000016f60800 2896 %     4       com.android.dx.merge.DexMerger$IdMerger::mergeUnsorted @ 87 (247 bytes)
Event: 3.713 Thread 0x0000000016f6a800 2897       3       java.util.HashMap$TreeNode::treeify (221 bytes)
Event: 3.715 Thread 0x0000000016f6a800 nmethod 2897 0x0000000002e53350 code [0x0000000002e53560, 0x0000000002e540c8]
Event: 3.720 Thread 0x0000000016f6a800 2898       3       java.util.TimSort::mergeHi (732 bytes)
Event: 3.722 Thread 0x0000000016f6a800 nmethod 2898 0x0000000002e73250 code [0x0000000002e73580, 0x0000000002e757b8]
Event: 3.722 Thread 0x0000000016f6a800 2899       3       java.util.TimSort::reverseRange (32 bytes)
Event: 3.722 Thread 0x0000000016f65800 nmethod 2895% 0x0000000002e6b290 code [0x0000000002e6b440, 0x0000000002e6bcd8]
Event: 3.722 Thread 0x0000000016f65800 2900       4       java.util.TimSort::binarySort (223 bytes)
Event: 3.722 Thread 0x0000000016f6a800 nmethod 2899 0x0000000002e63ad0 code [0x0000000002e63c60, 0x0000000002e640f0]

GC Heap History (10 events):
Event: 2.353 GC heap before
{Heap before GC invocations=4 (full 0):
 PSYoungGen      total 38400K, used 38382K [0x00000000eab00000, 0x00000000ef600000, 0x0000000100000000)
  eden space 33280K, 100% used [0x00000000eab00000,0x00000000ecb80000,0x00000000ecb80000)
  from space 5120K, 99% used [0x00000000ecb80000,0x00000000ed07b918,0x00000000ed080000)
  to   space 5120K, 0% used [0x00000000ef100000,0x00000000ef100000,0x00000000ef600000)
 ParOldGen       total 87552K, used 12889K [0x00000000c0000000, 0x00000000c5580000, 0x00000000eab00000)
  object space 87552K, 14% used [0x00000000c0000000,0x00000000c0c96578,0x00000000c5580000)
 Metaspace       used 7410K, capacity 8120K, committed 8192K, reserved 1056768K
  class space    used 706K, capacity 752K, committed 768K, reserved 1048576K
Event: 2.369 GC heap after
Heap after GC invocations=4 (full 0):
 PSYoungGen      total 71680K, used 5098K [0x00000000eab00000, 0x00000000ef600000, 0x0000000100000000)
  eden space 66560K, 0% used [0x00000000eab00000,0x00000000eab00000,0x00000000eec00000)
  from space 5120K, 99% used [0x00000000ef100000,0x00000000ef5fa8b8,0x00000000ef600000)
  to   space 5120K, 0% used [0x00000000eec00000,0x00000000eec00000,0x00000000ef100000)
 ParOldGen       total 87552K, used 28659K [0x00000000c0000000, 0x00000000c5580000, 0x00000000eab00000)
  object space 87552K, 32% used [0x00000000c0000000,0x00000000c1bfcfe8,0x00000000c5580000)
 Metaspace       used 7410K, capacity 8120K, committed 8192K, reserved 1056768K
  class space    used 706K, capacity 752K, committed 768K, reserved 1048576K
}
Event: 2.629 GC heap before
{Heap before GC invocations=5 (full 0):
 PSYoungGen      total 71680K, used 71658K [0x00000000eab00000, 0x00000000ef600000, 0x0000000100000000)
  eden space 66560K, 100% used [0x00000000eab00000,0x00000000eec00000,0x00000000eec00000)
  from space 5120K, 99% used [0x00000000ef100000,0x00000000ef5fa8b8,0x00000000ef600000)
  to   space 5120K, 0% used [0x00000000eec00000,0x00000000eec00000,0x00000000ef100000)
 ParOldGen       total 87552K, used 28659K [0x00000000c0000000, 0x00000000c5580000, 0x00000000eab00000)
  object space 87552K, 32% used [0x00000000c0000000,0x00000000c1bfcfe8,0x00000000c5580000)
 Metaspace       used 7504K, capacity 8126K, committed 8192K, reserved 1056768K
  class space    used 715K, capacity 753K, committed 768K, reserved 1048576K
Event: 2.645 GC heap after
Heap after GC invocations=5 (full 0):
 PSYoungGen      total 71680K, used 5116K [0x00000000eab00000, 0x00000000f6d00000, 0x0000000100000000)
  eden space 66560K, 0% used [0x00000000eab00000,0x00000000eab00000,0x00000000eec00000)
  from space 5120K, 99% used [0x00000000eec00000,0x00000000ef0ff368,0x00000000ef100000)
  to   space 32768K, 0% used [0x00000000f4d00000,0x00000000f4d00000,0x00000000f6d00000)
 ParOldGen       total 87552K, used 52596K [0x00000000c0000000, 0x00000000c5580000, 0x00000000eab00000)
  object space 87552K, 60% used [0x00000000c0000000,0x00000000c335d3d8,0x00000000c5580000)
 Metaspace       used 7504K, capacity 8126K, committed 8192K, reserved 1056768K
  class space    used 715K, capacity 753K, committed 768K, reserved 1048576K
}
Event: 2.822 GC heap before
{Heap before GC invocations=6 (full 0):
 PSYoungGen      total 71680K, used 70463K [0x00000000eab00000, 0x00000000f6d00000, 0x0000000100000000)
  eden space 66560K, 98% used [0x00000000eab00000,0x00000000eead0c00,0x00000000eec00000)
  from space 5120K, 99% used [0x00000000eec00000,0x00000000ef0ff368,0x00000000ef100000)
  to   space 32768K, 0% used [0x00000000f4d00000,0x00000000f4d00000,0x00000000f6d00000)
 ParOldGen       total 87552K, used 52596K [0x00000000c0000000, 0x00000000c5580000, 0x00000000eab00000)
  object space 87552K, 60% used [0x00000000c0000000,0x00000000c335d3d8,0x00000000c5580000)
 Metaspace       used 7513K, capacity 8126K, committed 8192K, reserved 1056768K
  class space    used 715K, capacity 753K, committed 768K, reserved 1048576K
Event: 2.832 GC heap after
Heap after GC invocations=6 (full 0):
 PSYoungGen      total 163840K, used 8983K [0x00000000eab00000, 0x00000000f6b00000, 0x0000000100000000)
  eden space 133120K, 0% used [0x00000000eab00000,0x00000000eab00000,0x00000000f2d00000)
  from space 30720K, 29% used [0x00000000f4d00000,0x00000000f55c5d98,0x00000000f6b00000)
  to   space 31744K, 0% used [0x00000000f2d00000,0x00000000f2d00000,0x00000000f4c00000)
 ParOldGen       total 87552K, used 52596K [0x00000000c0000000, 0x00000000c5580000, 0x00000000eab00000)
  object space 87552K, 60% used [0x00000000c0000000,0x00000000c335d3d8,0x00000000c5580000)
 Metaspace       used 7513K, capacity 8126K, committed 8192K, reserved 1056768K
  class space    used 715K, capacity 753K, committed 768K, reserved 1048576K
}
Event: 3.161 GC heap before
{Heap before GC invocations=7 (full 0):
 PSYoungGen      total 163840K, used 142103K [0x00000000eab00000, 0x00000000f6b00000, 0x0000000100000000)
  eden space 133120K, 100% used [0x00000000eab00000,0x00000000f2d00000,0x00000000f2d00000)
  from space 30720K, 29% used [0x00000000f4d00000,0x00000000f55c5d98,0x00000000f6b00000)
  to   space 31744K, 0% used [0x00000000f2d00000,0x00000000f2d00000,0x00000000f4c00000)
 ParOldGen       total 87552K, used 52596K [0x00000000c0000000, 0x00000000c5580000, 0x00000000eab00000)
  object space 87552K, 60% used [0x00000000c0000000,0x00000000c335d3d8,0x00000000c5580000)
 Metaspace       used 7519K, capacity 8126K, committed 8192K, reserved 1056768K
  class space    used 715K, capacity 753K, committed 768K, reserved 1048576K
Event: 3.175 GC heap after
Heap after GC invocations=7 (full 0):
 PSYoungGen      total 164864K, used 22978K [0x00000000eab00000, 0x00000000ff000000, 0x0000000100000000)
  eden space 133120K, 0% used [0x00000000eab00000,0x00000000eab00000,0x00000000f2d00000)
  from space 31744K, 72% used [0x00000000f2d00000,0x00000000f43709f8,0x00000000f4c00000)
  to   space 33280K, 0% used [0x00000000fcf80000,0x00000000fcf80000,0x00000000ff000000)
 ParOldGen       total 87552K, used 55578K [0x00000000c0000000, 0x00000000c5580000, 0x00000000eab00000)
  object space 87552K, 63% used [0x00000000c0000000,0x00000000c3646980,0x00000000c5580000)
 Metaspace       used 7519K, capacity 8126K, committed 8192K, reserved 1056768K
  class space    used 715K, capacity 753K, committed 768K, reserved 1048576K
}
Event: 3.460 GC heap before
{Heap before GC invocations=8 (full 0):
 PSYoungGen      total 164864K, used 156098K [0x00000000eab00000, 0x00000000ff000000, 0x0000000100000000)
  eden space 133120K, 100% used [0x00000000eab00000,0x00000000f2d00000,0x00000000f2d00000)
  from space 31744K, 72% used [0x00000000f2d00000,0x00000000f43709f8,0x00000000f4c00000)
  to   space 33280K, 0% used [0x00000000fcf80000,0x00000000fcf80000,0x00000000ff000000)
 ParOldGen       total 87552K, used 55578K [0x00000000c0000000, 0x00000000c5580000, 0x00000000eab00000)
  object space 87552K, 63% used [0x00000000c0000000,0x00000000c3646980,0x00000000c5580000)
 Metaspace       used 7526K, capacity 8126K, committed 8192K, reserved 1056768K
  class space    used 715K, capacity 753K, committed 768K, reserved 1048576K
Event: 3.472 GC heap after
Heap after GC invocations=8 (full 0):
 PSYoungGen      total 166400K, used 28975K [0x00000000eab00000, 0x00000000ff000000, 0x0000000100000000)
  eden space 133120K, 0% used [0x00000000eab00000,0x00000000eab00000,0x00000000f2d00000)
  from space 33280K, 87% used [0x00000000fcf80000,0x00000000febcbd70,0x00000000ff000000)
  to   space 31744K, 0% used [0x00000000f2d00000,0x00000000f2d00000,0x00000000f4c00000)
 ParOldGen       total 87552K, used 55850K [0x00000000c0000000, 0x00000000c5580000, 0x00000000eab00000)
  object space 87552K, 63% used [0x00000000c0000000,0x00000000c368a980,0x00000000c5580000)
 Metaspace       used 7526K, capacity 8126K, committed 8192K, reserved 1056768K
  class space    used 715K, capacity 753K, committed 768K, reserved 1048576K
}

Deoptimization events (10 events):
Event: 3.205 Thread 0x0000000002353000 Uncommon trap: reason=predicate action=maybe_recompile pc=0x0000000002e39bec method=java.util.ComparableTimSort.binarySort([Ljava/lang/Object;III)V @ 37
Event: 3.234 Thread 0x0000000002353000 Uncommon trap: reason=predicate action=maybe_recompile pc=0x0000000002e38ec0 method=java.util.TimSort.binarySort([Ljava/lang/Object;IIILjava/util/Comparator;)V @ 37
Event: 3.234 Thread 0x0000000002353000 Uncommon trap: reason=array_check action=maybe_recompile pc=0x0000000002e263e0 method=java.util.TimSort.binarySort([Ljava/lang/Object;IIILjava/util/Comparator;)V @ 183
Event: 3.234 Thread 0x0000000002353000 Uncommon trap: reason=array_check action=maybe_recompile pc=0x0000000002e26300 method=java.util.TimSort.binarySort([Ljava/lang/Object;IIILjava/util/Comparator;)V @ 193
Event: 3.234 Thread 0x0000000002353000 Uncommon trap: reason=array_check action=maybe_recompile pc=0x0000000002e26300 method=java.util.TimSort.binarySort([Ljava/lang/Object;IIILjava/util/Comparator;)V @ 193
Event: 3.235 Thread 0x0000000002353000 Uncommon trap: reason=array_check action=maybe_recompile pc=0x0000000002e261e4 method=java.util.TimSort.binarySort([Ljava/lang/Object;IIILjava/util/Comparator;)V @ 215
Event: 3.235 Thread 0x0000000002353000 Uncommon trap: reason=array_check action=maybe_recompile pc=0x0000000002e261e4 method=java.util.TimSort.binarySort([Ljava/lang/Object;IIILjava/util/Comparator;)V @ 215
Event: 3.327 Thread 0x0000000002353000 Uncommon trap: reason=array_check action=maybe_recompile pc=0x0000000002e4870c method=java.util.TimSort.binarySort([Ljava/lang/Object;IIILjava/util/Comparator;)V @ 215
Event: 3.544 Thread 0x0000000002353000 Uncommon trap: reason=array_check action=maybe_recompile pc=0x0000000002e560ec method=java.util.ComparableTimSort.binarySort([Ljava/lang/Object;III)V @ 193
Event: 3.713 Thread 0x0000000002353000 Uncommon trap: reason=unstable_if action=reinterpret pc=0x0000000002e15f98 method=java.util.HashMap$TreeNode.balanceInsertion(Ljava/util/HashMap$TreeNode;Ljava/util/HashMap$TreeNode;)Ljava/util/HashMap$TreeNode; @ 189

Internal exceptions (2 events):
Event: 0.039 Thread 0x0000000002353000 Exception <a 'java/lang/NoSuchMethodError': Method sun.misc.Unsafe.defineClass(Ljava/lang/String;[BII)Ljava/lang/Class; name or signature does not match> (0x00000000eab0edc8) thrown at [D:\re\workspace\8-2-build-windows-amd64-cygwin\jdk8u40\2855\hotspot\sr„€¬ð¤?
Event: 0.039 Thread 0x0000000002353000 Exception <a 'java/lang/NoSuchMethodError': Method sun.misc.Unsafe.prefetchRead(Ljava/lang/Object;J)V name or signature does not match> (0x00000000eab0f058) thrown at [D:\re\workspace\8-2-build-windows-amd64-cygwin\jdk8u40\2855\hotspot\src\share\vm\prims\j

Events (10 events):
Event: 3.544 Thread 0x0000000002353000 DEOPT UNPACKING pc=0x000000000249582a sp=0x000000000234f1d8 mode 2
Event: 3.579 Thread 0x0000000002353000 DEOPT PACKING pc=0x0000000002e54f88 sp=0x000000000234f1b0
Event: 3.579 Thread 0x0000000002353000 DEOPT UNPACKING pc=0x000000000249787f sp=0x000000000234eed8 mode 0
Event: 3.713 Thread 0x0000000002353000 Uncommon trap: trap_request=0xffffff65 fr.pc=0x0000000002e15f98
Event: 3.713 Thread 0x0000000002353000 DEOPT PACKING pc=0x0000000002e15f98 sp=0x000000000234f1e0
Event: 3.713 Thread 0x0000000002353000 DEOPT UNPACKING pc=0x000000000249582a sp=0x000000000234f0c8 mode 2
Event: 3.719 Thread 0x0000000002353000 DEOPT PACKING pc=0x0000000002e54f88 sp=0x000000000234f1b0
Event: 3.719 Thread 0x0000000002353000 DEOPT UNPACKING pc=0x000000000249787f sp=0x000000000234eed8 mode 0
Event: 3.720 Thread 0x0000000002353000 DEOPT PACKING pc=0x0000000002e54f88 sp=0x000000000234f1b0
Event: 3.720 Thread 0x0000000002353000 DEOPT UNPACKING pc=0x000000000249787f sp=0x000000000234eed8 mode 0


Dynamic libraries:
0x00007ff72a7f0000 - 0x00007ff72a827000 	C:\Program Files\Java\jdk1.8.0_40\bin\java.exe
0x00007ff929e90000 - 0x00007ff92a039000 	C:\WINDOWS\SYSTEM32\ntdll.dll
0x00007ff928b90000 - 0x00007ff928cc9000 	C:\WINDOWS\system32\KERNEL32.DLL
0x00007ff926270000 - 0x00007ff92637e000 	C:\WINDOWS\system32\KERNELBASE.dll
0x00007ff924db0000 - 0x00007ff924e3b000 	C:\WINDOWS\system32\apphelp.dll
0x00007ff9128b0000 - 0x00007ff9128ff000 	C:\WINDOWS\AppPatch\AppPatch64\AcGenral.DLL
0x00007ff928cd0000 - 0x00007ff928d77000 	C:\WINDOWS\system32\msvcrt.dll
0x00007ff925ee0000 - 0x00007ff925f0b000 	C:\WINDOWS\SYSTEM32\SspiCli.dll
0x00007ff928340000 - 0x00007ff928391000 	C:\WINDOWS\system32\SHLWAPI.dll
0x00007ff927e80000 - 0x00007ff927ff1000 	C:\WINDOWS\system32\USER32.dll
0x00007ff9284f0000 - 0x00007ff928666000 	C:\WINDOWS\system32\ole32.dll
0x00007ff926920000 - 0x00007ff927d2d000 	C:\WINDOWS\system32\SHELL32.dll
0x00007ff925710000 - 0x00007ff92572f000 	C:\WINDOWS\SYSTEM32\USERENV.dll
0x00007ff926660000 - 0x00007ff926705000 	C:\WINDOWS\system32\ADVAPI32.dll
0x00007ff91aa80000 - 0x00007ff91aa9b000 	C:\WINDOWS\SYSTEM32\MPR.dll
0x00007ff9267e0000 - 0x00007ff926916000 	C:\WINDOWS\system32\RPCRT4.dll
0x00007ff9283e0000 - 0x00007ff928437000 	C:\WINDOWS\SYSTEM32\sechost.dll
0x00007ff9280c0000 - 0x00007ff928297000 	C:\WINDOWS\SYSTEM32\combase.dll
0x00007ff927d30000 - 0x00007ff927e75000 	C:\WINDOWS\system32\GDI32.dll
0x00007ff926100000 - 0x00007ff926114000 	C:\WINDOWS\SYSTEM32\profapi.dll
0x00007ff924d00000 - 0x00007ff924da1000 	C:\WINDOWS\SYSTEM32\SHCORE.dll
0x00007ff9283a0000 - 0x00007ff9283d4000 	C:\WINDOWS\system32\IMM32.DLL
0x00007ff928850000 - 0x00007ff928988000 	C:\WINDOWS\system32\MSCTF.dll
0x00007ff924630000 - 0x00007ff92488a000 	C:\WINDOWS\WinSxS\amd64_microsoft.windows.common-controls_6595b64144ccf1df_6.0.9600.16384_none_62475f7becb72503\COMCTL32.dll
0x00007ff911eb0000 - 0x00007ff911f3d000 	C:\Program Files (x86)\AVG\AVG2015\avghooka.dll
0x0000000065d80000 - 0x0000000065e52000 	C:\Program Files\Java\jdk1.8.0_40\jre\bin\msvcr100.dll
0x00000000664c0000 - 0x0000000066d43000 	C:\Program Files\Java\jdk1.8.0_40\jre\bin\server\jvm.dll
0x00007ff91e5a0000 - 0x00007ff91e5a9000 	C:\WINDOWS\SYSTEM32\WSOCK32.dll
0x00007ff9227f0000 - 0x00007ff92280f000 	C:\WINDOWS\SYSTEM32\WINMM.dll
0x00007ff923080000 - 0x00007ff92308a000 	C:\WINDOWS\SYSTEM32\VERSION.dll
0x00007ff926610000 - 0x00007ff926617000 	C:\WINDOWS\system32\PSAPI.DLL
0x00007ff926710000 - 0x00007ff926768000 	C:\WINDOWS\system32\WS2_32.dll
0x00007ff9205e0000 - 0x00007ff92060a000 	C:\WINDOWS\SYSTEM32\WINMMBASE.dll
0x00007ff9267d0000 - 0x00007ff9267d9000 	C:\WINDOWS\system32\NSI.dll
0x00007ff926220000 - 0x00007ff92626a000 	C:\WINDOWS\SYSTEM32\cfgmgr32.dll
0x00007ff924f90000 - 0x00007ff924fb6000 	C:\WINDOWS\SYSTEM32\DEVOBJ.dll
0x00000000664b0000 - 0x00000000664bf000 	C:\Program Files\Java\jdk1.8.0_40\jre\bin\verify.dll
0x0000000066480000 - 0x00000000664a9000 	C:\Program Files\Java\jdk1.8.0_40\jre\bin\java.dll
0x0000000066460000 - 0x0000000066476000 	C:\Program Files\Java\jdk1.8.0_40\jre\bin\zip.dll
0x00007ff919640000 - 0x00007ff9197c8000 	C:\WINDOWS\SYSTEM32\dbghelp.dll

VM Arguments:
jvm_args: -Xmx1024M -Dfile.encoding=windows-1252 -Duser.country=US -Duser.language=en -Duser.variant 
java_command: com.android.dx.command.Main --dex --output C:\Users\Ardhipc\androproject\Gpluslogin\app\build\intermediates\dex\debug C:\Users\Ardhipc\androproject\Gpluslogin\app\build\intermediates\classes\debug C:\Users\Ardhipc\androproject\Gpluslogin\app\build\intermediates\pre-dexed\debug\classes-dbfc58339653c833b93bd08b75892a208171f567.jar C:\Users\Ardhipc\androproject\Gpluslogin\app\build\intermediates\pre-dexed\debug\support-annotations-22.1.1-23e397663ec4891fdd13bce1235e121a1bd98133.jar C:\Users\Ardhipc\androproject\Gpluslogin\app\build\intermediates\pre-dexed\debug\classes-c90bf1e02654c237e16bc24331c19de0b1c4d3c4.jar C:\Users\Ardhipc\androproject\Gpluslogin\app\build\intermediates\pre-dexed\debug\classes-025a863bd47948bbef6ba96c13f277a26c429080.jar C:\Users\Ardhipc\androproject\Gpluslogin\app\build\intermediates\pre-dexed\debug\classes-7ce7e851b1c8c7f22ee1eb80d0d1222416daecbe.jar C:\Users\Ardhipc\androproject\Gpluslogin\app\build\intermediates\pre-dexed\debug\classes-ec072751c892fe632632cd4d8ef7d0f858666a7e.jar C:\Users\Ardhipc\androproject\Gpluslogin\app\build\intermediates\pre-dexed\debug\classes-6aca033c7cfbefde5e9e2f61fdd4ee2e131d0819.jar C:\Users\Ardhipc\androproject\Gpluslogin\app\build\intermediates\pre-dexed\debug\classes-e50a65417c3c53f1fd37e23fd459307fe97ba651.jar C:\Users\Ardhipc\androproject\Gpluslogin\app\build\intermediates\pre-dexed\debug\classes-e6af05f0b40121d05e57f0306f9b3d5c9cd733be.jar C:\Users\Ardhipc\androproject\Gpluslogin\app\build\intermediates\pre-dexed\debug\volley-b6d077f6339d806d53630641ca6975235a3945a3.jar C:\Users\Ardhipc\androproject\Gpluslogin\app\build\intermediates\pre-dexed\debug\classes-317957de77b5aac8cc58911e5c9cc5d4ad204c7b.jar C:\Users\Ardhipc\androproject\Gpluslogin\app\build\intermediates\pre-dexed\debug\classes-8061500fc0082386f550706e45052268d3b6cbd3.jar C:\Users\Ardhipc\androproject\Gpluslogin\app\build\intermediates\pre-dexed\debug\classes-9740429a3709951e882d6c67f6d92abcb6c46ada.jar C:\Users\Ardhipc\androproje
java_class_path (initial): C:\Users\Ardhipc\AppData\Local\Android\sdk\build-tools\22.0.1\lib\dx.jar
Launcher Type: SUN_STANDARD

Environment Variables:
PATH=C:\ProgramData\Oracle\Java\javapath;C:\Program Files\Java\jdk1.6.0_37\bin\;C:\Program Files (x86)\Common Files\Ulead Systems\MPEG;C:\Program Files (x86)\Universal Extractor;C:\Program Files (x86)\Universal Extractor\bin;C:\Program Files (x86)\MATLAB\R2008b\bin;C:\Program Files (x86)\MATLAB\R2008b\bin\win32;C:\Program Files (x86)\QuickTime\QTSystem\;C:\xampp\php;C:\ProgramData\ComposerSetup\bin;C:\Program Files (x86)\Git\cmd;C:\Program Files (x86)\Git\bin;C:\Users\Ardhipc\androproject\apache-ant-1.9.4-bin\apache-ant-1.9.4\bin;C:\Users\Ardhipc\androproject\apache-ant-1.9.4-bin\apache-ant-1.9.4\bin;
USERNAME=Ardhipc
OS=Windows_NT
PROCESSOR_IDENTIFIER=Intel64 Family 6 Model 58 Stepping 9, GenuineIntel



---------------  S Y S T E M  ---------------

OS: Windows 8.1 , 64 bit Build 9600 (6.3.9600.16656)

CPU:total 8 (4 cores per cpu, 2 threads per core) family 6 model 58 stepping 9, cmov, cx8, fxsr, mmx, sse, sse2, sse3, ssse3, sse4.1, sse4.2, popcnt, avx, aes, clmul, erms, ht, tsc, tscinvbit, tscinv

Memory: 4k page, physical 8282392k(1171544k free), swap 9900988k(46852k free)

vm_info: Java HotSpot(TM) 64-Bit Server VM (25.40-b25) for windows-amd64 JRE (1.8.0_40-b25), built on Feb 10 2015 21:53:57 by "java_re" with MS VC++ 10.0 (VS2010)

time: Mon Jun 01 06:56:33 2015
elapsed time: 3 seconds (0d 0h 0m 3s)

